2019-08-19 17:02:14.657 INFO  org.springframework.context.support.PostProcessorRegistrationDelegate$BeanPostProcessorChecker Line:330 - Bean 'configurationPropertiesRebinderAutoConfiguration' of type [org.springframework.cloud.autoconfigure.ConfigurationPropertiesRebinderAutoConfiguration$$EnhancerBySpringCGLIB$$44ac43e7] is not eligible for getting processed by all BeanPostProcessors (for example: not eligible for auto-proxying)
2019-08-19 17:02:15.829 INFO  com.springzhou.userservice.UserServiceApplication Line:651 - The following profiles are active: dev
2019-08-19 17:02:16.088 WARN  org.mybatis.spring.mapper.ClassPathMapperScanner Line:166 - No MyBatis mapper was found in '[com.springzhou.userservice]' package. Please check your configuration.
2019-08-19 17:02:16.245 INFO  org.springframework.cloud.context.scope.GenericScope Line:294 - BeanFactory id=cad4ed7d-4381-3f27-a0fd-6e8ba052db2d
2019-08-19 17:02:16.292 INFO  org.springframework.context.support.PostProcessorRegistrationDelegate$BeanPostProcessorChecker Line:330 - Bean 'org.springframework.transaction.annotation.ProxyTransactionManagementConfiguration' of type [org.springframework.transaction.annotation.ProxyTransactionManagementConfiguration$$EnhancerBySpringCGLIB$$289240ea] is not eligible for getting processed by all BeanPostProcessors (for example: not eligible for auto-proxying)
2019-08-19 17:02:16.302 INFO  org.springframework.context.support.PostProcessorRegistrationDelegate$BeanPostProcessorChecker Line:330 - Bean 'org.springframework.cloud.autoconfigure.ConfigurationPropertiesRebinderAutoConfiguration' of type [org.springframework.cloud.autoconfigure.ConfigurationPropertiesRebinderAutoConfiguration$$EnhancerBySpringCGLIB$$44ac43e7] is not eligible for getting processed by all BeanPostProcessors (for example: not eligible for auto-proxying)
2019-08-19 17:02:16.439 INFO  org.springframework.boot.web.embedded.tomcat.TomcatWebServer Line:90  - Tomcat initialized with port(s): 8091 (http)
2019-08-19 17:02:16.460 INFO  org.apache.catalina.core.StandardService Line:173 - Starting service [Tomcat]
2019-08-19 17:02:16.460 INFO  org.apache.catalina.core.StandardEngine Line:173 - Starting Servlet engine: [Apache Tomcat/9.0.22]
2019-08-19 17:02:16.550 INFO  org.apache.catalina.core.ContainerBase.[Tomcat].[localhost].[/] Line:173 - Initializing Spring embedded WebApplicationContext
2019-08-19 17:02:16.551 INFO  org.springframework.web.context.ContextLoader Line:284 - Root WebApplicationContext: initialization completed in 716 ms
2019-08-19 17:02:16.592 WARN  com.netflix.config.sources.URLConfigurationSource Line:121 - No URLs will be polled as dynamic configuration sources.
2019-08-19 17:02:16.592 INFO  com.netflix.config.sources.URLConfigurationSource Line:122 - To enable URLs as dynamic configuration sources, define System property archaius.configurationSource.additionalUrls or make config.properties available on classpath.
2019-08-19 17:02:16.594 WARN  com.netflix.config.sources.URLConfigurationSource Line:121 - No URLs will be polled as dynamic configuration sources.
2019-08-19 17:02:16.595 INFO  com.netflix.config.sources.URLConfigurationSource Line:122 - To enable URLs as dynamic configuration sources, define System property archaius.configurationSource.additionalUrls or make config.properties available on classpath.
2019-08-19 17:02:16.751 INFO  org.springframework.scheduling.concurrent.ThreadPoolTaskExecutor Line:171 - Initializing ExecutorService 'applicationTaskExecutor'
2019-08-19 17:02:18.116 INFO  org.springframework.cloud.commons.util.InetUtils Line:170 - Cannot determine local hostname
2019-08-19 17:02:19.251 INFO  org.springframework.cloud.commons.util.InetUtils Line:170 - Cannot determine local hostname
2019-08-19 17:02:19.345 INFO  org.springframework.cloud.netflix.eureka.InstanceInfoFactory Line:71  - Setting initial instance status as: STARTING
2019-08-19 17:02:19.370 INFO  com.netflix.discovery.DiscoveryClient Line:349 - Initializing Eureka in region us-east-1
2019-08-19 17:02:19.520 INFO  com.netflix.discovery.provider.DiscoveryJerseyProvider Line:70  - Using JSON encoding codec LegacyJacksonJson
2019-08-19 17:02:19.520 INFO  com.netflix.discovery.provider.DiscoveryJerseyProvider Line:71  - Using JSON decoding codec LegacyJacksonJson
2019-08-19 17:02:19.600 INFO  com.netflix.discovery.provider.DiscoveryJerseyProvider Line:80  - Using XML encoding codec XStreamXml
2019-08-19 17:02:19.600 INFO  com.netflix.discovery.provider.DiscoveryJerseyProvider Line:81  - Using XML decoding codec XStreamXml
2019-08-19 17:02:19.739 INFO  com.netflix.discovery.shared.resolver.aws.ConfigClusterResolver Line:43  - Resolving eureka endpoints via configuration
2019-08-19 17:02:19.794 INFO  com.netflix.discovery.DiscoveryClient Line:958 - Disable delta property : false
2019-08-19 17:02:19.795 INFO  com.netflix.discovery.DiscoveryClient Line:959 - Single vip registry refresh property : null
2019-08-19 17:02:19.795 INFO  com.netflix.discovery.DiscoveryClient Line:960 - Force full registry fetch : false
2019-08-19 17:02:19.795 INFO  com.netflix.discovery.DiscoveryClient Line:961 - Application is null : false
2019-08-19 17:02:19.795 INFO  com.netflix.discovery.DiscoveryClient Line:962 - Registered Applications size is zero : true
2019-08-19 17:02:19.795 INFO  com.netflix.discovery.DiscoveryClient Line:964 - Application version is -1: true
2019-08-19 17:02:19.795 INFO  com.netflix.discovery.DiscoveryClient Line:1047 - Getting all instance registry info from the eureka server
2019-08-19 17:02:19.891 INFO  com.netflix.discovery.DiscoveryClient Line:1056 - The response status is 200
2019-08-19 17:02:19.892 INFO  com.netflix.discovery.DiscoveryClient Line:1264 - Starting heartbeat executor: renew interval is: 30
2019-08-19 17:02:19.894 INFO  com.netflix.discovery.InstanceInfoReplicator Line:60  - InstanceInfoReplicator onDemand update allowed rate per min is 4
2019-08-19 17:02:19.897 INFO  com.netflix.discovery.DiscoveryClient Line:449 - Discovery Client initialized at timestamp 1566205339896 with initial instances count: 1
2019-08-19 17:02:19.898 INFO  org.springframework.cloud.netflix.eureka.serviceregistry.EurekaServiceRegistry Line:42  - Registering application user-service with eureka with status UP
2019-08-19 17:02:19.898 INFO  com.netflix.discovery.DiscoveryClient Line:1299 - Saw local status change event StatusChangeEvent [timestamp=1566205339898, current=UP, previous=STARTING]
2019-08-19 17:02:19.900 INFO  com.netflix.discovery.DiscoveryClient Line:826 - DiscoveryClient_USER-SERVICE/localhost:user-service:8091: registering service...
2019-08-19 17:02:19.928 INFO  com.netflix.discovery.DiscoveryClient Line:835 - DiscoveryClient_USER-SERVICE/localhost:user-service:8091 - registration status: 204
2019-08-19 17:02:19.952 INFO  org.springframework.boot.web.embedded.tomcat.TomcatWebServer Line:202 - Tomcat started on port(s): 8091 (http) with context path ''
2019-08-19 17:02:19.954 INFO  com.springzhou.userservice.UserServiceApplication Line:59  - Started UserServiceApplication in 6.87 seconds (JVM running for 8.489)
2019-08-19 17:07:19.797 INFO  com.netflix.discovery.shared.resolver.aws.ConfigClusterResolver Line:43  - Resolving eureka endpoints via configuration
2019-08-19 17:10:52.339 INFO  org.apache.catalina.core.ContainerBase.[Tomcat].[localhost].[/] Line:173 - Initializing Spring DispatcherServlet 'dispatcherServlet'
2019-08-19 17:10:52.340 INFO  org.springframework.web.servlet.DispatcherServlet Line:524 - Initializing Servlet 'dispatcherServlet'
2019-08-19 17:10:52.345 INFO  org.springframework.web.servlet.DispatcherServlet Line:546 - Completed initialization in 5 ms
2019-08-19 17:11:19.247 INFO  org.springframework.context.support.PostProcessorRegistrationDelegate$BeanPostProcessorChecker Line:330 - Bean 'configurationPropertiesRebinderAutoConfiguration' of type [org.springframework.cloud.autoconfigure.ConfigurationPropertiesRebinderAutoConfiguration$$EnhancerBySpringCGLIB$$200096d0] is not eligible for getting processed by all BeanPostProcessors (for example: not eligible for auto-proxying)
2019-08-19 17:11:20.427 INFO  com.springzhou.userservice.UserServiceApplication Line:651 - The following profiles are active: dev
2019-08-19 17:11:20.716 WARN  org.mybatis.spring.mapper.ClassPathMapperScanner Line:166 - No MyBatis mapper was found in '[com.springzhou.userservice]' package. Please check your configuration.
2019-08-19 17:11:20.896 INFO  org.springframework.cloud.context.scope.GenericScope Line:294 - BeanFactory id=cad4ed7d-4381-3f27-a0fd-6e8ba052db2d
2019-08-19 17:11:20.951 INFO  org.springframework.context.support.PostProcessorRegistrationDelegate$BeanPostProcessorChecker Line:330 - Bean 'org.springframework.transaction.annotation.ProxyTransactionManagementConfiguration' of type [org.springframework.transaction.annotation.ProxyTransactionManagementConfiguration$$EnhancerBySpringCGLIB$$3e693d3] is not eligible for getting processed by all BeanPostProcessors (for example: not eligible for auto-proxying)
2019-08-19 17:11:20.962 INFO  org.springframework.context.support.PostProcessorRegistrationDelegate$BeanPostProcessorChecker Line:330 - Bean 'org.springframework.cloud.autoconfigure.ConfigurationPropertiesRebinderAutoConfiguration' of type [org.springframework.cloud.autoconfigure.ConfigurationPropertiesRebinderAutoConfiguration$$EnhancerBySpringCGLIB$$200096d0] is not eligible for getting processed by all BeanPostProcessors (for example: not eligible for auto-proxying)
2019-08-19 17:11:21.129 INFO  org.springframework.boot.web.embedded.tomcat.TomcatWebServer Line:90  - Tomcat initialized with port(s): 8091 (http)
2019-08-19 17:11:21.144 INFO  org.apache.catalina.core.StandardService Line:173 - Starting service [Tomcat]
2019-08-19 17:11:21.144 INFO  org.apache.catalina.core.StandardEngine Line:173 - Starting Servlet engine: [Apache Tomcat/9.0.22]
2019-08-19 17:11:21.243 INFO  org.apache.catalina.core.ContainerBase.[Tomcat].[localhost].[/] Line:173 - Initializing Spring embedded WebApplicationContext
2019-08-19 17:11:21.243 INFO  org.springframework.web.context.ContextLoader Line:284 - Root WebApplicationContext: initialization completed in 809 ms
2019-08-19 17:11:21.290 WARN  com.netflix.config.sources.URLConfigurationSource Line:121 - No URLs will be polled as dynamic configuration sources.
2019-08-19 17:11:21.290 INFO  com.netflix.config.sources.URLConfigurationSource Line:122 - To enable URLs as dynamic configuration sources, define System property archaius.configurationSource.additionalUrls or make config.properties available on classpath.
2019-08-19 17:11:21.294 WARN  com.netflix.config.sources.URLConfigurationSource Line:121 - No URLs will be polled as dynamic configuration sources.
2019-08-19 17:11:21.294 INFO  com.netflix.config.sources.URLConfigurationSource Line:122 - To enable URLs as dynamic configuration sources, define System property archaius.configurationSource.additionalUrls or make config.properties available on classpath.
2019-08-19 17:11:21.464 INFO  org.springframework.scheduling.concurrent.ThreadPoolTaskExecutor Line:171 - Initializing ExecutorService 'applicationTaskExecutor'
2019-08-19 17:11:22.845 INFO  org.springframework.cloud.commons.util.InetUtils Line:170 - Cannot determine local hostname
2019-08-19 17:11:23.979 INFO  org.springframework.cloud.commons.util.InetUtils Line:170 - Cannot determine local hostname
2019-08-19 17:11:24.096 INFO  org.springframework.cloud.netflix.eureka.InstanceInfoFactory Line:71  - Setting initial instance status as: STARTING
2019-08-19 17:11:24.124 INFO  com.netflix.discovery.DiscoveryClient Line:349 - Initializing Eureka in region us-east-1
2019-08-19 17:11:24.278 INFO  com.netflix.discovery.provider.DiscoveryJerseyProvider Line:70  - Using JSON encoding codec LegacyJacksonJson
2019-08-19 17:11:24.278 INFO  com.netflix.discovery.provider.DiscoveryJerseyProvider Line:71  - Using JSON decoding codec LegacyJacksonJson
2019-08-19 17:11:24.355 INFO  com.netflix.discovery.provider.DiscoveryJerseyProvider Line:80  - Using XML encoding codec XStreamXml
2019-08-19 17:11:24.356 INFO  com.netflix.discovery.provider.DiscoveryJerseyProvider Line:81  - Using XML decoding codec XStreamXml
2019-08-19 17:11:24.547 INFO  com.netflix.discovery.shared.resolver.aws.ConfigClusterResolver Line:43  - Resolving eureka endpoints via configuration
2019-08-19 17:11:24.604 INFO  com.netflix.discovery.DiscoveryClient Line:958 - Disable delta property : false
2019-08-19 17:11:24.604 INFO  com.netflix.discovery.DiscoveryClient Line:959 - Single vip registry refresh property : null
2019-08-19 17:11:24.605 INFO  com.netflix.discovery.DiscoveryClient Line:960 - Force full registry fetch : false
2019-08-19 17:11:24.605 INFO  com.netflix.discovery.DiscoveryClient Line:961 - Application is null : false
2019-08-19 17:11:24.605 INFO  com.netflix.discovery.DiscoveryClient Line:962 - Registered Applications size is zero : true
2019-08-19 17:11:24.605 INFO  com.netflix.discovery.DiscoveryClient Line:964 - Application version is -1: true
2019-08-19 17:11:24.605 INFO  com.netflix.discovery.DiscoveryClient Line:1047 - Getting all instance registry info from the eureka server
2019-08-19 17:11:24.722 INFO  com.netflix.discovery.DiscoveryClient Line:1056 - The response status is 200
2019-08-19 17:11:24.724 INFO  com.netflix.discovery.DiscoveryClient Line:1264 - Starting heartbeat executor: renew interval is: 30
2019-08-19 17:11:24.726 INFO  com.netflix.discovery.InstanceInfoReplicator Line:60  - InstanceInfoReplicator onDemand update allowed rate per min is 4
2019-08-19 17:11:24.729 INFO  com.netflix.discovery.DiscoveryClient Line:449 - Discovery Client initialized at timestamp 1566205884728 with initial instances count: 2
2019-08-19 17:11:24.730 INFO  org.springframework.cloud.netflix.eureka.serviceregistry.EurekaServiceRegistry Line:42  - Registering application user-service with eureka with status UP
2019-08-19 17:11:24.730 INFO  com.netflix.discovery.DiscoveryClient Line:1299 - Saw local status change event StatusChangeEvent [timestamp=1566205884730, current=UP, previous=STARTING]
2019-08-19 17:11:24.732 INFO  com.netflix.discovery.DiscoveryClient Line:826 - DiscoveryClient_USER-SERVICE/localhost:user-service:8091: registering service...
2019-08-19 17:11:24.763 INFO  com.netflix.discovery.DiscoveryClient Line:835 - DiscoveryClient_USER-SERVICE/localhost:user-service:8091 - registration status: 204
2019-08-19 17:11:24.820 INFO  org.springframework.boot.web.embedded.tomcat.TomcatWebServer Line:202 - Tomcat started on port(s): 8091 (http) with context path ''
2019-08-19 17:11:24.821 INFO  com.springzhou.userservice.UserServiceApplication Line:59  - Started UserServiceApplication in 7.043 seconds (JVM running for 7.858)
2019-08-19 17:11:46.905 INFO  org.apache.catalina.core.ContainerBase.[Tomcat].[localhost].[/] Line:173 - Initializing Spring DispatcherServlet 'dispatcherServlet'
2019-08-19 17:11:46.905 INFO  org.springframework.web.servlet.DispatcherServlet Line:524 - Initializing Servlet 'dispatcherServlet'
2019-08-19 17:11:46.910 INFO  org.springframework.web.servlet.DispatcherServlet Line:546 - Completed initialization in 5 ms
2019-08-19 17:14:23.026 INFO  org.springframework.context.support.PostProcessorRegistrationDelegate$BeanPostProcessorChecker Line:330 - Bean 'configurationPropertiesRebinderAutoConfiguration' of type [org.springframework.cloud.autoconfigure.ConfigurationPropertiesRebinderAutoConfiguration$$EnhancerBySpringCGLIB$$ee64590c] is not eligible for getting processed by all BeanPostProcessors (for example: not eligible for auto-proxying)
2019-08-19 17:14:24.199 INFO  com.springzhou.userservice.UserServiceApplication Line:651 - The following profiles are active: dev
2019-08-19 17:14:24.505 WARN  org.mybatis.spring.mapper.ClassPathMapperScanner Line:166 - No MyBatis mapper was found in '[com.springzhou.userservice]' package. Please check your configuration.
2019-08-19 17:14:24.674 INFO  org.springframework.cloud.context.scope.GenericScope Line:294 - BeanFactory id=e460a794-16ba-39f0-b92d-5d27fdce3401
2019-08-19 17:14:24.759 INFO  org.springframework.context.support.PostProcessorRegistrationDelegate$BeanPostProcessorChecker Line:330 - Bean 'org.springframework.transaction.annotation.ProxyTransactionManagementConfiguration' of type [org.springframework.transaction.annotation.ProxyTransactionManagementConfiguration$$EnhancerBySpringCGLIB$$d24a560f] is not eligible for getting processed by all BeanPostProcessors (for example: not eligible for auto-proxying)
2019-08-19 17:14:24.848 INFO  org.springframework.context.support.PostProcessorRegistrationDelegate$BeanPostProcessorChecker Line:330 - Bean 'org.springframework.cloud.autoconfigure.ConfigurationPropertiesRebinderAutoConfiguration' of type [org.springframework.cloud.autoconfigure.ConfigurationPropertiesRebinderAutoConfiguration$$EnhancerBySpringCGLIB$$ee64590c] is not eligible for getting processed by all BeanPostProcessors (for example: not eligible for auto-proxying)
2019-08-19 17:14:25.070 INFO  org.springframework.boot.web.embedded.tomcat.TomcatWebServer Line:90  - Tomcat initialized with port(s): 8091 (http)
2019-08-19 17:14:25.085 INFO  org.apache.catalina.core.StandardService Line:173 - Starting service [Tomcat]
2019-08-19 17:14:25.086 INFO  org.apache.catalina.core.StandardEngine Line:173 - Starting Servlet engine: [Apache Tomcat/9.0.22]
2019-08-19 17:14:25.184 INFO  org.apache.catalina.core.ContainerBase.[Tomcat].[localhost].[/] Line:173 - Initializing Spring embedded WebApplicationContext
2019-08-19 17:14:25.184 INFO  org.springframework.web.context.ContextLoader Line:284 - Root WebApplicationContext: initialization completed in 972 ms
2019-08-19 17:14:25.381 WARN  com.netflix.config.sources.URLConfigurationSource Line:121 - No URLs will be polled as dynamic configuration sources.
2019-08-19 17:14:25.381 INFO  com.netflix.config.sources.URLConfigurationSource Line:122 - To enable URLs as dynamic configuration sources, define System property archaius.configurationSource.additionalUrls or make config.properties available on classpath.
2019-08-19 17:14:25.384 WARN  com.netflix.config.sources.URLConfigurationSource Line:121 - No URLs will be polled as dynamic configuration sources.
2019-08-19 17:14:25.384 INFO  com.netflix.config.sources.URLConfigurationSource Line:122 - To enable URLs as dynamic configuration sources, define System property archaius.configurationSource.additionalUrls or make config.properties available on classpath.
2019-08-19 17:14:25.514 INFO  org.springframework.scheduling.concurrent.ThreadPoolTaskExecutor Line:171 - Initializing ExecutorService 'applicationTaskExecutor'
2019-08-19 17:14:26.937 INFO  org.springframework.cloud.commons.util.InetUtils Line:170 - Cannot determine local hostname
2019-08-19 17:14:28.082 INFO  org.springframework.cloud.commons.util.InetUtils Line:170 - Cannot determine local hostname
2019-08-19 17:14:28.174 INFO  org.springframework.cloud.netflix.eureka.InstanceInfoFactory Line:71  - Setting initial instance status as: STARTING
2019-08-19 17:14:28.201 INFO  com.netflix.discovery.DiscoveryClient Line:349 - Initializing Eureka in region us-east-1
2019-08-19 17:14:28.354 INFO  com.netflix.discovery.provider.DiscoveryJerseyProvider Line:70  - Using JSON encoding codec LegacyJacksonJson
2019-08-19 17:14:28.355 INFO  com.netflix.discovery.provider.DiscoveryJerseyProvider Line:71  - Using JSON decoding codec LegacyJacksonJson
2019-08-19 17:14:28.445 INFO  com.netflix.discovery.provider.DiscoveryJerseyProvider Line:80  - Using XML encoding codec XStreamXml
2019-08-19 17:14:28.445 INFO  com.netflix.discovery.provider.DiscoveryJerseyProvider Line:81  - Using XML decoding codec XStreamXml
2019-08-19 17:14:28.636 INFO  com.netflix.discovery.shared.resolver.aws.ConfigClusterResolver Line:43  - Resolving eureka endpoints via configuration
2019-08-19 17:14:28.693 INFO  com.netflix.discovery.DiscoveryClient Line:958 - Disable delta property : false
2019-08-19 17:14:28.694 INFO  com.netflix.discovery.DiscoveryClient Line:959 - Single vip registry refresh property : null
2019-08-19 17:14:28.694 INFO  com.netflix.discovery.DiscoveryClient Line:960 - Force full registry fetch : false
2019-08-19 17:14:28.694 INFO  com.netflix.discovery.DiscoveryClient Line:961 - Application is null : false
2019-08-19 17:14:28.694 INFO  com.netflix.discovery.DiscoveryClient Line:962 - Registered Applications size is zero : true
2019-08-19 17:14:28.694 INFO  com.netflix.discovery.DiscoveryClient Line:964 - Application version is -1: true
2019-08-19 17:14:28.694 INFO  com.netflix.discovery.DiscoveryClient Line:1047 - Getting all instance registry info from the eureka server
2019-08-19 17:14:28.812 INFO  com.netflix.discovery.DiscoveryClient Line:1056 - The response status is 200
2019-08-19 17:14:28.814 INFO  com.netflix.discovery.DiscoveryClient Line:1264 - Starting heartbeat executor: renew interval is: 30
2019-08-19 17:14:28.816 INFO  com.netflix.discovery.InstanceInfoReplicator Line:60  - InstanceInfoReplicator onDemand update allowed rate per min is 4
2019-08-19 17:14:28.819 INFO  com.netflix.discovery.DiscoveryClient Line:449 - Discovery Client initialized at timestamp 1566206068818 with initial instances count: 2
2019-08-19 17:14:28.822 INFO  org.springframework.cloud.netflix.eureka.serviceregistry.EurekaServiceRegistry Line:42  - Registering application user-service with eureka with status UP
2019-08-19 17:14:28.822 INFO  com.netflix.discovery.DiscoveryClient Line:1299 - Saw local status change event StatusChangeEvent [timestamp=1566206068822, current=UP, previous=STARTING]
2019-08-19 17:14:28.824 INFO  com.netflix.discovery.DiscoveryClient Line:826 - DiscoveryClient_USER-SERVICE/localhost:user-service:8091: registering service...
2019-08-19 17:14:28.853 INFO  com.netflix.discovery.DiscoveryClient Line:835 - DiscoveryClient_USER-SERVICE/localhost:user-service:8091 - registration status: 204
2019-08-19 17:14:28.891 INFO  org.springframework.boot.web.embedded.tomcat.TomcatWebServer Line:202 - Tomcat started on port(s): 8091 (http) with context path ''
2019-08-19 17:14:28.893 INFO  com.springzhou.userservice.UserServiceApplication Line:59  - Started UserServiceApplication in 7.345 seconds (JVM running for 8.138)
2019-08-19 17:14:39.791 INFO  org.apache.catalina.core.ContainerBase.[Tomcat].[localhost].[/] Line:173 - Initializing Spring DispatcherServlet 'dispatcherServlet'
2019-08-19 17:14:39.791 INFO  org.springframework.web.servlet.DispatcherServlet Line:524 - Initializing Servlet 'dispatcherServlet'
2019-08-19 17:14:39.797 INFO  org.springframework.web.servlet.DispatcherServlet Line:546 - Completed initialization in 6 ms
2019-08-19 17:14:40.129 INFO  com.netflix.config.ChainedDynamicProperty Line:115 - Flipping property: exampel.ribbon.ActiveConnectionsLimit to use NEXT property: niws.loadbalancer.availabilityFilteringRule.activeConnectionsLimit = 2147483647
2019-08-19 17:14:40.135 INFO  com.netflix.util.concurrent.ShutdownEnabledTimer Line:58  - Shutdown hook installed for: NFLoadBalancer-PingTimer-exampel
2019-08-19 17:14:40.152 INFO  com.netflix.loadbalancer.BaseLoadBalancer Line:192 - Client: exampel instantiated a LoadBalancer: DynamicServerListLoadBalancer:{NFLoadBalancer:name=exampel,current list of Servers=[],Load balancer stats=Zone stats: {},Server stats: []}ServerList:null
2019-08-19 17:14:40.157 INFO  com.netflix.loadbalancer.DynamicServerListLoadBalancer Line:222 - Using serverListUpdater PollingServerListUpdater
2019-08-19 17:14:40.174 INFO  com.netflix.config.ChainedDynamicProperty Line:115 - Flipping property: exampel.ribbon.ActiveConnectionsLimit to use NEXT property: niws.loadbalancer.availabilityFilteringRule.activeConnectionsLimit = 2147483647
2019-08-19 17:14:40.175 INFO  com.netflix.loadbalancer.DynamicServerListLoadBalancer Line:150 - DynamicServerListLoadBalancer for client exampel initialized: DynamicServerListLoadBalancer:{NFLoadBalancer:name=exampel,current list of Servers=[localhost:8090],Load balancer stats=Zone stats: {defaultzone=[Zone:defaultzone;	Instance count:1;	Active connections count: 0;	Circuit breaker tripped count: 0;	Active connections per server: 0.0;]
},Server stats: [[Server:localhost:8090;	Zone:defaultZone;	Total Requests:0;	Successive connection failure:0;	Total blackout seconds:0;	Last connection made:Thu Jan 01 08:00:00 CST 1970;	First connection made: Thu Jan 01 08:00:00 CST 1970;	Active Connections:0;	total failure count in last (1000) msecs:0;	average resp time:0.0;	90 percentile resp time:0.0;	95 percentile resp time:0.0;	min resp time:0.0;	max resp time:0.0;	stddev resp time:0.0]
]}ServerList:org.springframework.cloud.netflix.ribbon.eureka.DomainExtractingServerList@25cacfb7
2019-08-19 17:14:41.161 INFO  com.netflix.config.ChainedDynamicProperty Line:115 - Flipping property: exampel.ribbon.ActiveConnectionsLimit to use NEXT property: niws.loadbalancer.availabilityFilteringRule.activeConnectionsLimit = 2147483647
2019-08-19 17:19:28.696 INFO  com.netflix.discovery.shared.resolver.aws.ConfigClusterResolver Line:43  - Resolving eureka endpoints via configuration
2019-08-19 17:24:28.697 INFO  com.netflix.discovery.shared.resolver.aws.ConfigClusterResolver Line:43  - Resolving eureka endpoints via configuration
2019-08-19 17:29:28.698 INFO  com.netflix.discovery.shared.resolver.aws.ConfigClusterResolver Line:43  - Resolving eureka endpoints via configuration
2019-08-19 17:34:28.699 INFO  com.netflix.discovery.shared.resolver.aws.ConfigClusterResolver Line:43  - Resolving eureka endpoints via configuration
2019-08-19 17:39:28.700 INFO  com.netflix.discovery.shared.resolver.aws.ConfigClusterResolver Line:43  - Resolving eureka endpoints via configuration
2019-08-19 17:44:28.702 INFO  com.netflix.discovery.shared.resolver.aws.ConfigClusterResolver Line:43  - Resolving eureka endpoints via configuration
2019-08-19 17:49:28.702 INFO  com.netflix.discovery.shared.resolver.aws.ConfigClusterResolver Line:43  - Resolving eureka endpoints via configuration
2019-08-19 17:54:28.704 INFO  com.netflix.discovery.shared.resolver.aws.ConfigClusterResolver Line:43  - Resolving eureka endpoints via configuration
2019-08-19 17:59:28.705 INFO  com.netflix.discovery.shared.resolver.aws.ConfigClusterResolver Line:43  - Resolving eureka endpoints via configuration
2019-08-19 18:04:28.706 INFO  com.netflix.discovery.shared.resolver.aws.ConfigClusterResolver Line:43  - Resolving eureka endpoints via configuration
2019-08-19 18:09:28.707 INFO  com.netflix.discovery.shared.resolver.aws.ConfigClusterResolver Line:43  - Resolving eureka endpoints via configuration
